<?xml version="1.0" encoding="UTF-8"?>
<testng-results skipped="0" failed="0" total="1" passed="1">
  <reporter-output>
  </reporter-output>
  <suite name="Default suite" duration-ms="7395" started-at="2018-04-11T17:24:36Z" finished-at="2018-04-11T17:24:43Z">
    <groups>
    </groups>
    <test name="Default test" duration-ms="7395" started-at="2018-04-11T17:24:36Z" finished-at="2018-04-11T17:24:43Z">
      <class name="com.jala.testsuites.LoginTest">
        <test-method status="PASS" signature="setUp()[pri:0, instance:com.jala.testsuites.LoginTest@6d00a15d]" name="setUp" is-config="true" duration-ms="6057" started-at="2018-04-11T22:54:36Z" finished-at="2018-04-11T22:54:42Z">
          <reporter-output>
          </reporter-output>
        </test-method> <!-- setUp -->
        <test-method status="PASS" signature="loginAdmin()[pri:0, instance:com.jala.testsuites.LoginTest@6d00a15d]" name="loginAdmin" duration-ms="1304" started-at="2018-04-11T22:54:42Z" finished-at="2018-04-11T22:54:43Z">
          <reporter-output>
          </reporter-output>
        </test-method> <!-- loginAdmin -->
      </class> <!-- com.jala.testsuites.LoginTest -->
    </test> <!-- Default test -->
  </suite> <!-- Default suite -->
</testng-results>
