<?xml version="1.0" encoding="UTF-8"?>
<!-- Generated by org.testng.reporters.JUnitXMLReporter -->
<testsuite hostname="SateeshMunagala" name="Test" tests="2" failures="2" timestamp="11 Apr 2018 17:00:04 GMT" time="0.089" errors="0">
  <testcase name="@BeforeMethod setUp" time="0.0" classname="com.jala.MagnusFrameWork.LoginT">
    <failure type="java.lang.NullPointerException">
      <![CDATA[java.lang.NullPointerException
... Removed 20 stack frames]]>
    </failure>
  </testcase> <!-- @BeforeMethod setUp -->
  <testcase name="@BeforeMethod setUp" time="0.0" classname="com.jala.testsuites.LoginTest">
    <failure type="java.lang.NullPointerException">
      <![CDATA[java.lang.NullPointerException
... Removed 20 stack frames]]>
    </failure>
  </testcase> <!-- @BeforeMethod setUp -->
  <testcase name="loginAdmin" time="0.021" classname="com.jala.MagnusFrameWork.LoginT">
    <failure type="org.testng.TestNGException" message="
Can&amp;apos;t invoke public void com.jala.MagnusFrameWork.LoginT.loginAdmin() throws java.lang.Exception: either make it static or add a no-args constructor to your class">
      <![CDATA[org.testng.TestNGException: 
Can't invoke public void com.jala.MagnusFrameWork.LoginT.loginAdmin() throws java.lang.Exception: either make it static or add a no-args constructor to your class
... Removed 21 stack frames]]>
    </failure>
  </testcase> <!-- loginAdmin -->
  <testcase name="loginAdmin" time="0.005" classname="com.jala.testsuites.LoginTest">
    <failure type="org.testng.TestNGException" message="
Can&amp;apos;t invoke public void com.jala.testsuites.LoginTest.loginAdmin() throws java.lang.Exception: either make it static or add a no-args constructor to your class">
      <![CDATA[org.testng.TestNGException: 
Can't invoke public void com.jala.testsuites.LoginTest.loginAdmin() throws java.lang.Exception: either make it static or add a no-args constructor to your class
... Removed 21 stack frames]]>
    </failure>
  </testcase> <!-- loginAdmin -->
</testsuite> <!-- Test -->
